{"D:\\UBC_Online_courses\\2024_W2\\CPEN_321\\CPEN321-WOCMS\\Backend\\controllers\\imageController.ts": {"path":"D:\\UBC_Online_courses\\2024_W2\\CPEN_321\\CPEN321-WOCMS\\Backend\\controllers\\imageController.ts","statementMap":{"0":{"start":{"line":2,"column":0},"end":{"line":2,"column":59}},"1":{"start":{"line":3,"column":0},"end":{"line":3,"column":112}},"2":{"start":{"line":4,"column":0},"end":{"line":4,"column":61}},"3":{"start":{"line":6,"column":0},"end":{"line":6,"column":26}},"4":{"start":{"line":7,"column":0},"end":{"line":7,"column":116}},"5":{"start":{"line":9,"column":20},"end":{"line":9,"column":66}},"6":{"start":{"line":14,"column":8},"end":{"line":110,"column":9}},"7":{"start":{"line":15,"column":12},"end":{"line":107,"column":15}},"8":{"start":{"line":15,"column":53},"end":{"line":107,"column":14}},"9":{"start":{"line":16,"column":16},"end":{"line":18,"column":17}},"10":{"start":{"line":17,"column":20},"end":{"line":17,"column":91}},"11":{"start":{"line":20,"column":16},"end":{"line":22,"column":17}},"12":{"start":{"line":21,"column":20},"end":{"line":21,"column":79}},"13":{"start":{"line":25,"column":35},"end":{"line":25,"column":81}},"14":{"start":{"line":26,"column":34},"end":{"line":26,"column":58}},"15":{"start":{"line":29,"column":39},"end":{"line":29,"column":67}},"16":{"start":{"line":32,"column":36},"end":{"line":32,"column":115}},"17":{"start":{"line":35,"column":31},"end":{"line":35,"column":35}},"18":{"start":{"line":36,"column":16},"end":{"line":45,"column":17}},"19":{"start":{"line":37,"column":20},"end":{"line":44,"column":21}},"20":{"start":{"line":38,"column":24},"end":{"line":38,"column":65}},"21":{"start":{"line":40,"column":24},"end":{"line":40,"column":82}},"22":{"start":{"line":41,"column":24},"end":{"line":41,"column":82}},"23":{"start":{"line":43,"column":24},"end":{"line":43,"column":115}},"24":{"start":{"line":48,"column":33},"end":{"line":56,"column":18}},"25":{"start":{"line":58,"column":16},"end":{"line":58,"column":62}},"26":{"start":{"line":61,"column":31},"end":{"line":61,"column":107}},"27":{"start":{"line":62,"column":41},"end":{"line":62,"column":121}},"28":{"start":{"line":65,"column":37},"end":{"line":71,"column":null}},"29":{"start":{"line":75,"column":27},"end":{"line":75,"column":46}},"30":{"start":{"line":76,"column":16},"end":{"line":88,"column":19}},"31":{"start":{"line":91,"column":31},"end":{"line":91,"column":48}},"32":{"start":{"line":92,"column":16},"end":{"line":97,"column":17}},"33":{"start":{"line":93,"column":20},"end":{"line":96,"column":22}},"34":{"start":{"line":99,"column":16},"end":{"line":106,"column":19}},"35":{"start":{"line":109,"column":12},"end":{"line":109,"column":24}},"36":{"start":{"line":118,"column":8},"end":{"line":161,"column":9}},"37":{"start":{"line":119,"column":28},"end":{"line":119,"column":38}},"38":{"start":{"line":120,"column":12},"end":{"line":122,"column":13}},"39":{"start":{"line":121,"column":16},"end":{"line":121,"column":80}},"40":{"start":{"line":124,"column":23},"end":{"line":124,"column":42}},"41":{"start":{"line":125,"column":26},"end":{"line":125,"column":84}},"42":{"start":{"line":127,"column":12},"end":{"line":129,"column":13}},"43":{"start":{"line":128,"column":16},"end":{"line":128,"column":74}},"44":{"start":{"line":132,"column":38},"end":{"line":142,"column":18}},"45":{"start":{"line":145,"column":33},"end":{"line":151,"column":null}},"46":{"start":{"line":154,"column":12},"end":{"line":158,"column":15}},"47":{"start":{"line":160,"column":12},"end":{"line":160,"column":24}},"48":{"start":{"line":168,"column":8},"end":{"line":207,"column":9}},"49":{"start":{"line":169,"column":38},"end":{"line":169,"column":48}},"50":{"start":{"line":170,"column":12},"end":{"line":172,"column":13}},"51":{"start":{"line":171,"column":16},"end":{"line":171,"column":86}},"52":{"start":{"line":174,"column":23},"end":{"line":174,"column":42}},"53":{"start":{"line":177,"column":31},"end":{"line":182,"column":24}},"54":{"start":{"line":185,"column":44},"end":{"line":201,"column":null}},"55":{"start":{"line":186,"column":47},"end":{"line":201,"column":18}},"56":{"start":{"line":187,"column":41},"end":{"line":194,"column":22}},"57":{"start":{"line":196,"column":20},"end":{"line":199,"column":null}},"58":{"start":{"line":204,"column":12},"end":{"line":204,"column":70}},"59":{"start":{"line":206,"column":12},"end":{"line":206,"column":24}},"60":{"start":{"line":214,"column":8},"end":{"line":237,"column":9}},"61":{"start":{"line":215,"column":28},"end":{"line":215,"column":38}},"62":{"start":{"line":216,"column":12},"end":{"line":218,"column":13}},"63":{"start":{"line":217,"column":16},"end":{"line":217,"column":80}},"64":{"start":{"line":220,"column":28},"end":{"line":220,"column":43}},"65":{"start":{"line":223,"column":29},"end":{"line":223,"column":80}},"66":{"start":{"line":224,"column":12},"end":{"line":224,"column":61}},"67":{"start":{"line":227,"column":23},"end":{"line":227,"column":42}},"68":{"start":{"line":228,"column":33},"end":{"line":228,"column":93}},"69":{"start":{"line":230,"column":12},"end":{"line":232,"column":13}},"70":{"start":{"line":231,"column":16},"end":{"line":231,"column":88}},"71":{"start":{"line":234,"column":12},"end":{"line":234,"column":76}},"72":{"start":{"line":236,"column":12},"end":{"line":236,"column":24}},"73":{"start":{"line":241,"column":8},"end":{"line":268,"column":9}},"74":{"start":{"line":242,"column":23},"end":{"line":242,"column":42}},"75":{"start":{"line":243,"column":27},"end":{"line":243,"column":75}},"76":{"start":{"line":246,"column":44},"end":{"line":262,"column":null}},"77":{"start":{"line":247,"column":43},"end":{"line":262,"column":18}},"78":{"start":{"line":248,"column":41},"end":{"line":254,"column":null}},"79":{"start":{"line":257,"column":20},"end":{"line":260,"column":null}},"80":{"start":{"line":265,"column":12},"end":{"line":265,"column":70}},"81":{"start":{"line":267,"column":12},"end":{"line":267,"column":24}},"82":{"start":{"line":272,"column":8},"end":{"line":300,"column":9}},"83":{"start":{"line":273,"column":49},"end":{"line":273,"column":57}},"84":{"start":{"line":275,"column":12},"end":{"line":277,"column":13}},"85":{"start":{"line":276,"column":16},"end":{"line":276,"column":105}},"86":{"start":{"line":279,"column":23},"end":{"line":279,"column":42}},"87":{"start":{"line":282,"column":26},"end":{"line":282,"column":79}},"88":{"start":{"line":283,"column":12},"end":{"line":285,"column":13}},"89":{"start":{"line":284,"column":16},"end":{"line":284,"column":74}},"90":{"start":{"line":288,"column":33},"end":{"line":290,"column":null}},"91":{"start":{"line":293,"column":12},"end":{"line":295,"column":13}},"92":{"start":{"line":294,"column":16},"end":{"line":294,"column":94}},"93":{"start":{"line":297,"column":12},"end":{"line":297,"column":114}},"94":{"start":{"line":299,"column":12},"end":{"line":299,"column":24}},"95":{"start":{"line":304,"column":8},"end":{"line":333,"column":9}},"96":{"start":{"line":305,"column":34},"end":{"line":305,"column":44}},"97":{"start":{"line":306,"column":12},"end":{"line":308,"column":13}},"98":{"start":{"line":307,"column":16},"end":{"line":307,"column":82}},"99":{"start":{"line":310,"column":23},"end":{"line":310,"column":42}},"100":{"start":{"line":313,"column":27},"end":{"line":313,"column":100}},"101":{"start":{"line":315,"column":12},"end":{"line":317,"column":13}},"102":{"start":{"line":316,"column":16},"end":{"line":316,"column":89}},"103":{"start":{"line":320,"column":12},"end":{"line":323,"column":13}},"104":{"start":{"line":321,"column":32},"end":{"line":321,"column":58}},"105":{"start":{"line":322,"column":16},"end":{"line":322,"column":108}},"106":{"start":{"line":326,"column":33},"end":{"line":326,"column":102}},"107":{"start":{"line":328,"column":12},"end":{"line":330,"column":15}},"108":{"start":{"line":332,"column":12},"end":{"line":332,"column":24}},"109":{"start":{"line":340,"column":8},"end":{"line":403,"column":9}},"110":{"start":{"line":341,"column":62},"end":{"line":341,"column":70}},"111":{"start":{"line":342,"column":12},"end":{"line":344,"column":13}},"112":{"start":{"line":343,"column":16},"end":{"line":343,"column":116}},"113":{"start":{"line":346,"column":23},"end":{"line":346,"column":42}},"114":{"start":{"line":349,"column":26},"end":{"line":349,"column":89}},"115":{"start":{"line":350,"column":12},"end":{"line":352,"column":13}},"116":{"start":{"line":351,"column":16},"end":{"line":351,"column":74}},"117":{"start":{"line":355,"column":12},"end":{"line":357,"column":13}},"118":{"start":{"line":356,"column":16},"end":{"line":356,"column":94}},"119":{"start":{"line":360,"column":12},"end":{"line":362,"column":13}},"120":{"start":{"line":361,"column":16},"end":{"line":361,"column":101}},"121":{"start":{"line":365,"column":33},"end":{"line":370,"column":null}},"122":{"start":{"line":373,"column":12},"end":{"line":375,"column":13}},"123":{"start":{"line":374,"column":16},"end":{"line":374,"column":80}},"124":{"start":{"line":378,"column":27},"end":{"line":378,"column":44}},"125":{"start":{"line":379,"column":30},"end":{"line":379,"column":103}},"126":{"start":{"line":381,"column":32},"end":{"line":381,"column":37}},"127":{"start":{"line":382,"column":12},"end":{"line":394,"column":13}},"128":{"start":{"line":383,"column":43},"end":{"line":384,"column":null}},"129":{"start":{"line":384,"column":34},"end":{"line":384,"column":134}},"130":{"start":{"line":387,"column":16},"end":{"line":393,"column":17}},"131":{"start":{"line":388,"column":20},"end":{"line":391,"column":22}},"132":{"start":{"line":392,"column":20},"end":{"line":392,"column":41}},"133":{"start":{"line":396,"column":12},"end":{"line":400,"column":15}},"134":{"start":{"line":402,"column":12},"end":{"line":402,"column":24}},"135":{"start":{"line":407,"column":8},"end":{"line":446,"column":9}},"136":{"start":{"line":408,"column":34},"end":{"line":408,"column":44}},"137":{"start":{"line":409,"column":12},"end":{"line":411,"column":13}},"138":{"start":{"line":410,"column":16},"end":{"line":410,"column":82}},"139":{"start":{"line":413,"column":23},"end":{"line":413,"column":42}},"140":{"start":{"line":416,"column":33},"end":{"line":421,"column":24}},"141":{"start":{"line":424,"column":50},"end":{"line":440,"column":null}},"142":{"start":{"line":425,"column":49},"end":{"line":440,"column":18}},"143":{"start":{"line":426,"column":41},"end":{"line":433,"column":22}},"144":{"start":{"line":435,"column":20},"end":{"line":438,"column":null}},"145":{"start":{"line":443,"column":12},"end":{"line":443,"column":82}},"146":{"start":{"line":445,"column":12},"end":{"line":445,"column":24}},"147":{"start":{"line":450,"column":8},"end":{"line":501,"column":9}},"148":{"start":{"line":451,"column":46},"end":{"line":451,"column":54}},"149":{"start":{"line":452,"column":12},"end":{"line":454,"column":13}},"150":{"start":{"line":453,"column":16},"end":{"line":453,"column":98}},"151":{"start":{"line":456,"column":23},"end":{"line":456,"column":42}},"152":{"start":{"line":459,"column":26},"end":{"line":459,"column":89}},"153":{"start":{"line":460,"column":12},"end":{"line":462,"column":13}},"154":{"start":{"line":461,"column":16},"end":{"line":461,"column":74}},"155":{"start":{"line":465,"column":12},"end":{"line":467,"column":13}},"156":{"start":{"line":466,"column":16},"end":{"line":466,"column":102}},"157":{"start":{"line":470,"column":32},"end":{"line":470,"column":52}},"158":{"start":{"line":473,"column":33},"end":{"line":475,"column":null}},"159":{"start":{"line":478,"column":12},"end":{"line":480,"column":13}},"160":{"start":{"line":479,"column":16},"end":{"line":479,"column":83}},"161":{"start":{"line":483,"column":27},"end":{"line":483,"column":44}},"162":{"start":{"line":484,"column":12},"end":{"line":496,"column":13}},"163":{"start":{"line":485,"column":35},"end":{"line":488,"column":28}},"164":{"start":{"line":490,"column":16},"end":{"line":495,"column":17}},"165":{"start":{"line":491,"column":20},"end":{"line":494,"column":22}},"166":{"start":{"line":498,"column":12},"end":{"line":498,"column":89}},"167":{"start":{"line":500,"column":12},"end":{"line":500,"column":24}},"168":{"start":{"line":11,"column":0},"end":{"line":11,"column":13}},"169":{"start":{"line":506,"column":49},"end":{"line":510,"column":2}},"170":{"start":{"line":514,"column":24},"end":{"line":514,"column":82}},"171":{"start":{"line":515,"column":19},"end":{"line":515,"column":66}},"172":{"start":{"line":518,"column":27},"end":{"line":520,"column":19}},"173":{"start":{"line":522,"column":4},"end":{"line":526,"column":6}},"174":{"start":{"line":530,"column":4},"end":{"line":546,"column":5}},"175":{"start":{"line":531,"column":29},"end":{"line":535,"column":10}},"176":{"start":{"line":537,"column":30},"end":{"line":537,"column":66}},"177":{"start":{"line":538,"column":8},"end":{"line":538,"column":95}},"178":{"start":{"line":540,"column":23},"end":{"line":540,"column":75}},"179":{"start":{"line":540,"column":58},"end":{"line":540,"column":68}},"180":{"start":{"line":542,"column":8},"end":{"line":542,"column":22}},"181":{"start":{"line":544,"column":8},"end":{"line":544,"column":67}},"182":{"start":{"line":545,"column":8},"end":{"line":545,"column":18}},"183":{"start":{"line":550,"column":4},"end":{"line":563,"column":5}},"184":{"start":{"line":551,"column":34},"end":{"line":554,"column":10}},"185":{"start":{"line":556,"column":35},"end":{"line":556,"column":76}},"186":{"start":{"line":557,"column":33},"end":{"line":557,"column":100}},"187":{"start":{"line":557,"column":83},"end":{"line":557,"column":93}},"188":{"start":{"line":559,"column":8},"end":{"line":559,"column":32}},"189":{"start":{"line":561,"column":8},"end":{"line":561,"column":72}},"190":{"start":{"line":562,"column":8},"end":{"line":562,"column":18}}},"fnMap":{"0":{"name":"(anonymous_8)","decl":{"start":{"line":13,"column":10},"end":{"line":13,"column":21}},"loc":{"start":{"line":13,"column":69},"end":{"line":111,"column":null}}},"1":{"name":"(anonymous_10)","decl":{"start":{"line":15,"column":39},"end":{"line":15,"column":46}},"loc":{"start":{"line":15,"column":53},"end":{"line":107,"column":14}}},"2":{"name":"(anonymous_11)","decl":{"start":{"line":15,"column":53},"end":{"line":15,"column":null}},"loc":{"start":{"line":15,"column":53},"end":{"line":107,"column":13}}},"3":{"name":"(anonymous_12)","decl":{"start":{"line":117,"column":10},"end":{"line":117,"column":18}},"loc":{"start":{"line":117,"column":66},"end":{"line":162,"column":null}}},"4":{"name":"(anonymous_14)","decl":{"start":{"line":167,"column":10},"end":{"line":167,"column":29}},"loc":{"start":{"line":167,"column":77},"end":{"line":208,"column":null}}},"5":{"name":"(anonymous_16)","decl":{"start":{"line":186,"column":31},"end":{"line":186,"column":38}},"loc":{"start":{"line":186,"column":47},"end":{"line":201,"column":18}}},"6":{"name":"(anonymous_17)","decl":{"start":{"line":186,"column":47},"end":{"line":186,"column":null}},"loc":{"start":{"line":186,"column":47},"end":{"line":201,"column":17}}},"7":{"name":"(anonymous_18)","decl":{"start":{"line":213,"column":10},"end":{"line":213,"column":21}},"loc":{"start":{"line":213,"column":69},"end":{"line":238,"column":null}}},"8":{"name":"(anonymous_20)","decl":{"start":{"line":240,"column":10},"end":{"line":240,"column":22}},"loc":{"start":{"line":240,"column":70},"end":{"line":269,"column":null}}},"9":{"name":"(anonymous_22)","decl":{"start":{"line":247,"column":27},"end":{"line":247,"column":34}},"loc":{"start":{"line":247,"column":43},"end":{"line":262,"column":18}}},"10":{"name":"(anonymous_23)","decl":{"start":{"line":247,"column":43},"end":{"line":247,"column":null}},"loc":{"start":{"line":247,"column":43},"end":{"line":262,"column":17}}},"11":{"name":"(anonymous_24)","decl":{"start":{"line":271,"column":10},"end":{"line":271,"column":32}},"loc":{"start":{"line":271,"column":80},"end":{"line":301,"column":null}}},"12":{"name":"(anonymous_26)","decl":{"start":{"line":303,"column":10},"end":{"line":303,"column":31}},"loc":{"start":{"line":303,"column":79},"end":{"line":334,"column":null}}},"13":{"name":"(anonymous_28)","decl":{"start":{"line":339,"column":10},"end":{"line":339,"column":20}},"loc":{"start":{"line":339,"column":68},"end":{"line":404,"column":null}}},"14":{"name":"(anonymous_30)","decl":{"start":{"line":384,"column":20},"end":{"line":384,"column":21}},"loc":{"start":{"line":384,"column":34},"end":{"line":384,"column":134}}},"15":{"name":"(anonymous_31)","decl":{"start":{"line":406,"column":10},"end":{"line":406,"column":25}},"loc":{"start":{"line":406,"column":73},"end":{"line":447,"column":null}}},"16":{"name":"(anonymous_33)","decl":{"start":{"line":425,"column":33},"end":{"line":425,"column":40}},"loc":{"start":{"line":425,"column":49},"end":{"line":440,"column":18}}},"17":{"name":"(anonymous_34)","decl":{"start":{"line":425,"column":49},"end":{"line":425,"column":null}},"loc":{"start":{"line":425,"column":49},"end":{"line":440,"column":17}}},"18":{"name":"(anonymous_35)","decl":{"start":{"line":449,"column":10},"end":{"line":449,"column":21}},"loc":{"start":{"line":449,"column":69},"end":{"line":502,"column":null}}},"19":{"name":"processImage","decl":{"start":{"line":513,"column":15},"end":{"line":513,"column":27}},"loc":{"start":{"line":513,"column":53},"end":{"line":527,"column":null}}},"20":{"name":"analyzeImageLabels","decl":{"start":{"line":529,"column":15},"end":{"line":529,"column":33}},"loc":{"start":{"line":529,"column":68},"end":{"line":547,"column":null}}},"21":{"name":"(anonymous_41)","decl":{"start":{"line":540,"column":49},"end":{"line":540,"column":54}},"loc":{"start":{"line":540,"column":58},"end":{"line":540,"column":68}}},"22":{"name":"analyzeImageModeration","decl":{"start":{"line":549,"column":15},"end":{"line":549,"column":37}},"loc":{"start":{"line":549,"column":72},"end":{"line":564,"column":null}}},"23":{"name":"(anonymous_44)","decl":{"start":{"line":557,"column":74},"end":{"line":557,"column":79}},"loc":{"start":{"line":557,"column":83},"end":{"line":557,"column":93}}}},"branchMap":{"0":{"loc":{"start":{"line":16,"column":16},"end":{"line":18,"column":17}},"type":"if","locations":[{"start":{"line":16,"column":16},"end":{"line":18,"column":17}}]},"1":{"loc":{"start":{"line":20,"column":16},"end":{"line":22,"column":17}},"type":"if","locations":[{"start":{"line":20,"column":16},"end":{"line":22,"column":17}}]},"2":{"loc":{"start":{"line":25,"column":35},"end":{"line":25,"column":81}},"type":"binary-expr","locations":[{"start":{"line":25,"column":35},"end":{"line":25,"column":54}},{"start":{"line":25,"column":58},"end":{"line":25,"column":81}}]},"3":{"loc":{"start":{"line":36,"column":16},"end":{"line":45,"column":17}},"type":"if","locations":[{"start":{"line":36,"column":16},"end":{"line":45,"column":17}}]},"4":{"loc":{"start":{"line":79,"column":33},"end":{"line":79,"column":82}},"type":"binary-expr","locations":[{"start":{"line":79,"column":33},"end":{"line":79,"column":53}},{"start":{"line":79,"column":57},"end":{"line":79,"column":82}}]},"5":{"loc":{"start":{"line":92,"column":16},"end":{"line":97,"column":17}},"type":"if","locations":[{"start":{"line":92,"column":16},"end":{"line":97,"column":17}}]},"6":{"loc":{"start":{"line":120,"column":12},"end":{"line":122,"column":13}},"type":"if","locations":[{"start":{"line":120,"column":12},"end":{"line":122,"column":13}}]},"7":{"loc":{"start":{"line":127,"column":12},"end":{"line":129,"column":13}},"type":"if","locations":[{"start":{"line":127,"column":12},"end":{"line":129,"column":13}}]},"8":{"loc":{"start":{"line":132,"column":38},"end":{"line":142,"column":18}},"type":"cond-expr","locations":[{"start":{"line":133,"column":14},"end":{"line":141,"column":null}},{"start":{"line":142,"column":14},"end":{"line":142,"column":18}}]},"9":{"loc":{"start":{"line":170,"column":12},"end":{"line":172,"column":13}},"type":"if","locations":[{"start":{"line":170,"column":12},"end":{"line":172,"column":13}}]},"10":{"loc":{"start":{"line":216,"column":12},"end":{"line":218,"column":13}},"type":"if","locations":[{"start":{"line":216,"column":12},"end":{"line":218,"column":13}}]},"11":{"loc":{"start":{"line":230,"column":12},"end":{"line":232,"column":13}},"type":"if","locations":[{"start":{"line":230,"column":12},"end":{"line":232,"column":13}}]},"12":{"loc":{"start":{"line":275,"column":12},"end":{"line":277,"column":13}},"type":"if","locations":[{"start":{"line":275,"column":12},"end":{"line":277,"column":13}}]},"13":{"loc":{"start":{"line":275,"column":16},"end":{"line":275,"column":44}},"type":"binary-expr","locations":[{"start":{"line":275,"column":16},"end":{"line":275,"column":25}},{"start":{"line":275,"column":29},"end":{"line":275,"column":44}}]},"14":{"loc":{"start":{"line":283,"column":12},"end":{"line":285,"column":13}},"type":"if","locations":[{"start":{"line":283,"column":12},"end":{"line":285,"column":13}}]},"15":{"loc":{"start":{"line":293,"column":12},"end":{"line":295,"column":13}},"type":"if","locations":[{"start":{"line":293,"column":12},"end":{"line":295,"column":13}}]},"16":{"loc":{"start":{"line":306,"column":12},"end":{"line":308,"column":13}},"type":"if","locations":[{"start":{"line":306,"column":12},"end":{"line":308,"column":13}}]},"17":{"loc":{"start":{"line":315,"column":12},"end":{"line":317,"column":13}},"type":"if","locations":[{"start":{"line":315,"column":12},"end":{"line":317,"column":13}}]},"18":{"loc":{"start":{"line":342,"column":12},"end":{"line":344,"column":13}},"type":"if","locations":[{"start":{"line":342,"column":12},"end":{"line":344,"column":13}}]},"19":{"loc":{"start":{"line":342,"column":16},"end":{"line":342,"column":60}},"type":"binary-expr","locations":[{"start":{"line":342,"column":16},"end":{"line":342,"column":31}},{"start":{"line":342,"column":35},"end":{"line":342,"column":44}},{"start":{"line":342,"column":48},"end":{"line":342,"column":60}}]},"20":{"loc":{"start":{"line":350,"column":12},"end":{"line":352,"column":13}},"type":"if","locations":[{"start":{"line":350,"column":12},"end":{"line":352,"column":13}}]},"21":{"loc":{"start":{"line":355,"column":12},"end":{"line":357,"column":13}},"type":"if","locations":[{"start":{"line":355,"column":12},"end":{"line":357,"column":13}}]},"22":{"loc":{"start":{"line":360,"column":12},"end":{"line":362,"column":13}},"type":"if","locations":[{"start":{"line":360,"column":12},"end":{"line":362,"column":13}}]},"23":{"loc":{"start":{"line":360,"column":16},"end":{"line":360,"column":73}},"type":"binary-expr","locations":[{"start":{"line":360,"column":16},"end":{"line":360,"column":30}},{"start":{"line":360,"column":34},"end":{"line":360,"column":73}}]},"24":{"loc":{"start":{"line":373,"column":12},"end":{"line":375,"column":13}},"type":"if","locations":[{"start":{"line":373,"column":12},"end":{"line":375,"column":13}}]},"25":{"loc":{"start":{"line":382,"column":12},"end":{"line":394,"column":13}},"type":"if","locations":[{"start":{"line":382,"column":12},"end":{"line":394,"column":13}}]},"26":{"loc":{"start":{"line":383,"column":43},"end":{"line":384,"column":null}},"type":"cond-expr","locations":[{"start":{"line":383,"column":63},"end":{"line":383,"column":65}},{"start":{"line":383,"column":63},"end":{"line":384,"column":null}}]},"27":{"loc":{"start":{"line":383,"column":43},"end":{"line":383,"column":65}},"type":"binary-expr","locations":[{"start":{"line":383,"column":43},"end":{"line":383,"column":65}},{"start":{"line":383,"column":63},"end":{"line":383,"column":65}}]},"28":{"loc":{"start":{"line":383,"column":43},"end":{"line":383,"column":63}},"type":"cond-expr","locations":[{"start":{"line":383,"column":52},"end":{"line":383,"column":54}},{"start":{"line":383,"column":43},"end":{"line":383,"column":63}}]},"29":{"loc":{"start":{"line":383,"column":43},"end":{"line":383,"column":54}},"type":"binary-expr","locations":[{"start":{"line":383,"column":43},"end":{"line":383,"column":54}},{"start":{"line":383,"column":43},"end":{"line":383,"column":54}}]},"30":{"loc":{"start":{"line":384,"column":34},"end":{"line":384,"column":134}},"type":"binary-expr","locations":[{"start":{"line":384,"column":34},"end":{"line":384,"column":82}},{"start":{"line":384,"column":86},"end":{"line":384,"column":134}}]},"31":{"loc":{"start":{"line":387,"column":16},"end":{"line":393,"column":17}},"type":"if","locations":[{"start":{"line":387,"column":16},"end":{"line":393,"column":17}}]},"32":{"loc":{"start":{"line":409,"column":12},"end":{"line":411,"column":13}},"type":"if","locations":[{"start":{"line":409,"column":12},"end":{"line":411,"column":13}}]},"33":{"loc":{"start":{"line":452,"column":12},"end":{"line":454,"column":13}},"type":"if","locations":[{"start":{"line":452,"column":12},"end":{"line":454,"column":13}}]},"34":{"loc":{"start":{"line":452,"column":16},"end":{"line":452,"column":41}},"type":"binary-expr","locations":[{"start":{"line":452,"column":16},"end":{"line":452,"column":25}},{"start":{"line":452,"column":29},"end":{"line":452,"column":41}}]},"35":{"loc":{"start":{"line":460,"column":12},"end":{"line":462,"column":13}},"type":"if","locations":[{"start":{"line":460,"column":12},"end":{"line":462,"column":13}}]},"36":{"loc":{"start":{"line":465,"column":12},"end":{"line":467,"column":13}},"type":"if","locations":[{"start":{"line":465,"column":12},"end":{"line":467,"column":13}}]},"37":{"loc":{"start":{"line":470,"column":32},"end":{"line":470,"column":52}},"type":"binary-expr","locations":[{"start":{"line":470,"column":32},"end":{"line":470,"column":46}},{"start":{"line":470,"column":50},"end":{"line":470,"column":52}}]},"38":{"loc":{"start":{"line":478,"column":12},"end":{"line":480,"column":13}},"type":"if","locations":[{"start":{"line":478,"column":12},"end":{"line":480,"column":13}}]},"39":{"loc":{"start":{"line":490,"column":16},"end":{"line":495,"column":17}},"type":"if","locations":[{"start":{"line":490,"column":16},"end":{"line":495,"column":17}}]},"40":{"loc":{"start":{"line":514,"column":24},"end":{"line":514,"column":82}},"type":"binary-expr","locations":[{"start":{"line":514,"column":24},"end":{"line":514,"column":73}},{"start":{"line":514,"column":77},"end":{"line":514,"column":82}}]},"41":{"loc":{"start":{"line":514,"column":24},"end":{"line":514,"column":73}},"type":"cond-expr","locations":[{"start":{"line":514,"column":58},"end":{"line":514,"column":60}},{"start":{"line":514,"column":58},"end":{"line":514,"column":73}}]},"42":{"loc":{"start":{"line":514,"column":24},"end":{"line":514,"column":60}},"type":"binary-expr","locations":[{"start":{"line":514,"column":24},"end":{"line":514,"column":60}},{"start":{"line":514,"column":58},"end":{"line":514,"column":60}}]},"43":{"loc":{"start":{"line":515,"column":19},"end":{"line":515,"column":66}},"type":"binary-expr","locations":[{"start":{"line":515,"column":19},"end":{"line":515,"column":50}},{"start":{"line":515,"column":54},"end":{"line":515,"column":66}}]},"44":{"loc":{"start":{"line":519,"column":18},"end":{"line":519,"column":58}},"type":"cond-expr","locations":[{"start":{"line":519,"column":44},"end":{"line":519,"column":49}},{"start":{"line":519,"column":52},"end":{"line":519,"column":58}}]},"45":{"loc":{"start":{"line":524,"column":18},"end":{"line":524,"column":70}},"type":"cond-expr","locations":[{"start":{"line":524,"column":44},"end":{"line":524,"column":55}},{"start":{"line":524,"column":58},"end":{"line":524,"column":70}}]},"46":{"loc":{"start":{"line":525,"column":23},"end":{"line":525,"column":62}},"type":"cond-expr","locations":[{"start":{"line":525,"column":49},"end":{"line":525,"column":54}},{"start":{"line":525,"column":57},"end":{"line":525,"column":62}}]},"47":{"loc":{"start":{"line":540,"column":23},"end":{"line":540,"column":75}},"type":"binary-expr","locations":[{"start":{"line":540,"column":23},"end":{"line":540,"column":69}},{"start":{"line":540,"column":73},"end":{"line":540,"column":75}}]},"48":{"loc":{"start":{"line":540,"column":23},"end":{"line":540,"column":69}},"type":"cond-expr","locations":[{"start":{"line":540,"column":43},"end":{"line":540,"column":45}},{"start":{"line":540,"column":43},"end":{"line":540,"column":69}}]},"49":{"loc":{"start":{"line":540,"column":23},"end":{"line":540,"column":45}},"type":"binary-expr","locations":[{"start":{"line":540,"column":23},"end":{"line":540,"column":45}},{"start":{"line":540,"column":43},"end":{"line":540,"column":45}}]},"50":{"loc":{"start":{"line":557,"column":33},"end":{"line":557,"column":100}},"type":"binary-expr","locations":[{"start":{"line":557,"column":33},"end":{"line":557,"column":94}},{"start":{"line":557,"column":98},"end":{"line":557,"column":100}}]},"51":{"loc":{"start":{"line":557,"column":33},"end":{"line":557,"column":94}},"type":"cond-expr","locations":[{"start":{"line":557,"column":68},"end":{"line":557,"column":70}},{"start":{"line":557,"column":68},"end":{"line":557,"column":94}}]},"52":{"loc":{"start":{"line":557,"column":33},"end":{"line":557,"column":70}},"type":"binary-expr","locations":[{"start":{"line":557,"column":33},"end":{"line":557,"column":70}},{"start":{"line":557,"column":68},"end":{"line":557,"column":70}}]}},"s":{"0":1,"1":1,"2":1,"3":1,"4":1,"5":1,"6":0,"7":0,"8":0,"9":0,"10":0,"11":0,"12":0,"13":0,"14":0,"15":0,"16":0,"17":0,"18":0,"19":0,"20":0,"21":0,"22":0,"23":0,"24":0,"25":0,"26":0,"27":0,"28":0,"29":0,"30":0,"31":0,"32":0,"33":0,"34":0,"35":0,"36":0,"37":0,"38":0,"39":0,"40":0,"41":0,"42":0,"43":0,"44":0,"45":0,"46":0,"47":0,"48":0,"49":0,"50":0,"51":0,"52":0,"53":0,"54":0,"55":0,"56":0,"57":0,"58":0,"59":0,"60":0,"61":0,"62":0,"63":0,"64":0,"65":0,"66":0,"67":0,"68":0,"69":0,"70":0,"71":0,"72":0,"73":0,"74":0,"75":0,"76":0,"77":0,"78":0,"79":0,"80":0,"81":0,"82":0,"83":0,"84":0,"85":0,"86":0,"87":0,"88":0,"89":0,"90":0,"91":0,"92":0,"93":0,"94":0,"95":0,"96":0,"97":0,"98":0,"99":0,"100":0,"101":0,"102":0,"103":0,"104":0,"105":0,"106":0,"107":0,"108":0,"109":0,"110":0,"111":0,"112":0,"113":0,"114":0,"115":0,"116":0,"117":0,"118":0,"119":0,"120":0,"121":0,"122":0,"123":0,"124":0,"125":0,"126":0,"127":0,"128":0,"129":0,"130":0,"131":0,"132":0,"133":0,"134":0,"135":0,"136":0,"137":0,"138":0,"139":0,"140":0,"141":0,"142":0,"143":0,"144":0,"145":0,"146":0,"147":0,"148":0,"149":0,"150":0,"151":0,"152":0,"153":0,"154":0,"155":0,"156":0,"157":0,"158":0,"159":0,"160":0,"161":0,"162":0,"163":0,"164":0,"165":0,"166":0,"167":0,"168":1,"169":1,"170":0,"171":0,"172":0,"173":0,"174":0,"175":0,"176":0,"177":0,"178":0,"179":0,"180":0,"181":0,"182":0,"183":0,"184":0,"185":0,"186":0,"187":0,"188":0,"189":0,"190":0},"f":{"0":0,"1":0,"2":0,"3":0,"4":0,"5":0,"6":0,"7":0,"8":0,"9":0,"10":0,"11":0,"12":0,"13":0,"14":0,"15":0,"16":0,"17":0,"18":0,"19":0,"20":0,"21":0,"22":0,"23":0},"b":{"0":[0],"1":[0],"2":[0,0],"3":[0],"4":[0,0],"5":[0],"6":[0],"7":[0],"8":[0,0],"9":[0],"10":[0],"11":[0],"12":[0],"13":[0,0],"14":[0],"15":[0],"16":[0],"17":[0],"18":[0],"19":[0,0,0],"20":[0],"21":[0],"22":[0],"23":[0,0],"24":[0],"25":[0],"26":[0,0],"27":[0,0],"28":[0,0],"29":[0,0],"30":[0,0],"31":[0],"32":[0],"33":[0],"34":[0,0],"35":[0],"36":[0],"37":[0,0],"38":[0],"39":[0],"40":[0,0],"41":[0,0],"42":[0,0],"43":[0,0],"44":[0,0],"45":[0,0],"46":[0,0],"47":[0,0],"48":[0,0],"49":[0,0],"50":[0,0],"51":[0,0],"52":[0,0]}}
,"D:\\UBC_Online_courses\\2024_W2\\CPEN_321\\CPEN321-WOCMS\\Backend\\controllers\\mapController.ts": {"path":"D:\\UBC_Online_courses\\2024_W2\\CPEN_321\\CPEN321-WOCMS\\Backend\\controllers\\mapController.ts","statementMap":{"0":{"start":{"line":2,"column":0},"end":{"line":2,"column":35}},"1":{"start":{"line":3,"column":0},"end":{"line":3,"column":37}},"2":{"start":{"line":11,"column":8},"end":{"line":124,"column":9}},"3":{"start":{"line":12,"column":34},"end":{"line":12,"column":44}},"4":{"start":{"line":13,"column":12},"end":{"line":15,"column":13}},"5":{"start":{"line":14,"column":16},"end":{"line":14,"column":81}},"6":{"start":{"line":17,"column":23},"end":{"line":17,"column":42}},"7":{"start":{"line":20,"column":27},"end":{"line":23,"column":24}},"8":{"start":{"line":25,"column":12},"end":{"line":28,"column":13}},"9":{"start":{"line":26,"column":16},"end":{"line":26,"column":71}},"10":{"start":{"line":27,"column":16},"end":{"line":27,"column":135}},"11":{"start":{"line":31,"column":27},"end":{"line":45,"column":48}},"12":{"start":{"line":32,"column":31},"end":{"line":32,"column":90}},"13":{"start":{"line":34,"column":30},"end":{"line":34,"column":69}},"14":{"start":{"line":35,"column":30},"end":{"line":35,"column":69}},"15":{"start":{"line":38,"column":20},"end":{"line":41,"column":21}},"16":{"start":{"line":40,"column":24},"end":{"line":40,"column":36}},"17":{"start":{"line":43,"column":20},"end":{"line":43,"column":72}},"18":{"start":{"line":45,"column":33},"end":{"line":45,"column":47}},"19":{"start":{"line":49,"column":12},"end":{"line":52,"column":13}},"20":{"start":{"line":50,"column":16},"end":{"line":50,"column":87}},"21":{"start":{"line":51,"column":16},"end":{"line":51,"column":147}},"22":{"start":{"line":54,"column":12},"end":{"line":54,"column":100}},"23":{"start":{"line":54,"column":74},"end":{"line":54,"column":97}},"24":{"start":{"line":57,"column":34},"end":{"line":57,"column":64}},"25":{"start":{"line":58,"column":30},"end":{"line":58,"column":89}},"26":{"start":{"line":60,"column":12},"end":{"line":60,"column":87}},"27":{"start":{"line":63,"column":50},"end":{"line":63,"column":54}},"28":{"start":{"line":64,"column":37},"end":{"line":64,"column":38}},"29":{"start":{"line":65,"column":40},"end":{"line":65,"column":42}},"30":{"start":{"line":67,"column":91},"end":{"line":67,"column":93}},"31":{"start":{"line":68,"column":12},"end":{"line":82,"column":15}},"32":{"start":{"line":69,"column":16},"end":{"line":69,"column":92}},"33":{"start":{"line":69,"column":85},"end":{"line":69,"column":92}},"34":{"start":{"line":71,"column":34},"end":{"line":71,"column":71}},"35":{"start":{"line":72,"column":16},"end":{"line":72,"column":98}},"36":{"start":{"line":72,"column":45},"end":{"line":72,"column":98}},"37":{"start":{"line":74,"column":16},"end":{"line":74,"column":84}},"38":{"start":{"line":75,"column":16},"end":{"line":75,"column":87}},"39":{"start":{"line":77,"column":36},"end":{"line":77,"column":75}},"40":{"start":{"line":78,"column":16},"end":{"line":81,"column":17}},"41":{"start":{"line":79,"column":20},"end":{"line":79,"column":53}},"42":{"start":{"line":80,"column":20},"end":{"line":80,"column":49}},"43":{"start":{"line":85,"column":12},"end":{"line":85,"column":93}},"44":{"start":{"line":86,"column":44},"end":{"line":86,"column":102}},"45":{"start":{"line":88,"column":12},"end":{"line":91,"column":13}},"46":{"start":{"line":89,"column":16},"end":{"line":89,"column":83}},"47":{"start":{"line":90,"column":16},"end":{"line":90,"column":145}},"48":{"start":{"line":94,"column":50},"end":{"line":101,"column":87}},"49":{"start":{"line":96,"column":20},"end":{"line":96,"column":37}},"50":{"start":{"line":97,"column":20},"end":{"line":97,"column":37}},"51":{"start":{"line":98,"column":20},"end":{"line":98,"column":31}},"52":{"start":{"line":101,"column":37},"end":{"line":101,"column":66}},"53":{"start":{"line":104,"column":54},"end":{"line":107,"column":44}},"54":{"start":{"line":105,"column":16},"end":{"line":105,"column":47}},"55":{"start":{"line":106,"column":16},"end":{"line":106,"column":27}},"56":{"start":{"line":109,"column":28},"end":{"line":112,"column":35}},"57":{"start":{"line":110,"column":32},"end":{"line":110,"column":43}},"58":{"start":{"line":112,"column":28},"end":{"line":112,"column":34}},"59":{"start":{"line":115,"column":12},"end":{"line":120,"column":15}},"60":{"start":{"line":122,"column":12},"end":{"line":122,"column":70}},"61":{"start":{"line":123,"column":12},"end":{"line":123,"column":110}},"62":{"start":{"line":6,"column":0},"end":{"line":6,"column":13}}},"fnMap":{"0":{"name":"(anonymous_16)","decl":{"start":{"line":10,"column":10},"end":{"line":10,"column":27}},"loc":{"start":{"line":10,"column":75},"end":{"line":125,"column":null}}},"1":{"name":"(anonymous_18)","decl":{"start":{"line":32,"column":24},"end":{"line":32,"column":27}},"loc":{"start":{"line":32,"column":30},"end":{"line":32,"column":90}}},"2":{"name":"(anonymous_19)","decl":{"start":{"line":33,"column":21},"end":{"line":33,"column":26}},"loc":{"start":{"line":33,"column":29},"end":{"line":44,"column":17}}},"3":{"name":"(anonymous_20)","decl":{"start":{"line":45,"column":24},"end":{"line":45,"column":29}},"loc":{"start":{"line":45,"column":33},"end":{"line":45,"column":47}}},"4":{"name":"(anonymous_21)","decl":{"start":{"line":54,"column":68},"end":{"line":54,"column":70}},"loc":{"start":{"line":54,"column":74},"end":{"line":54,"column":97}}},"5":{"name":"(anonymous_22)","decl":{"start":{"line":68,"column":39},"end":{"line":68,"column":46}},"loc":{"start":{"line":68,"column":49},"end":{"line":82,"column":13}}},"6":{"name":"(anonymous_23)","decl":{"start":{"line":95,"column":16},"end":{"line":95,"column":17}},"loc":{"start":{"line":95,"column":65},"end":{"line":99,"column":17}}},"7":{"name":"(anonymous_24)","decl":{"start":{"line":101,"column":18},"end":{"line":101,"column":19}},"loc":{"start":{"line":101,"column":37},"end":{"line":101,"column":66}}},"8":{"name":"(anonymous_25)","decl":{"start":{"line":104,"column":85},"end":{"line":104,"column":86}},"loc":{"start":{"line":104,"column":130},"end":{"line":107,"column":13}}},"9":{"name":"(anonymous_26)","decl":{"start":{"line":110,"column":22},"end":{"line":110,"column":23}},"loc":{"start":{"line":110,"column":32},"end":{"line":110,"column":43}}},"10":{"name":"(anonymous_27)","decl":{"start":{"line":112,"column":21},"end":{"line":112,"column":24}},"loc":{"start":{"line":112,"column":28},"end":{"line":112,"column":34}}}},"branchMap":{"0":{"loc":{"start":{"line":13,"column":12},"end":{"line":15,"column":13}},"type":"if","locations":[{"start":{"line":13,"column":12},"end":{"line":15,"column":13}}]},"1":{"loc":{"start":{"line":25,"column":12},"end":{"line":28,"column":13}},"type":"if","locations":[{"start":{"line":25,"column":12},"end":{"line":28,"column":13}}]},"2":{"loc":{"start":{"line":32,"column":31},"end":{"line":32,"column":90}},"type":"binary-expr","locations":[{"start":{"line":32,"column":31},"end":{"line":32,"column":58}},{"start":{"line":32,"column":62},"end":{"line":32,"column":89}}]},"3":{"loc":{"start":{"line":32,"column":31},"end":{"line":32,"column":58}},"type":"cond-expr","locations":[{"start":{"line":32,"column":53},"end":{"line":32,"column":55}},{"start":{"line":32,"column":53},"end":{"line":32,"column":58}}]},"4":{"loc":{"start":{"line":32,"column":31},"end":{"line":32,"column":55}},"type":"binary-expr","locations":[{"start":{"line":32,"column":31},"end":{"line":32,"column":55}},{"start":{"line":32,"column":53},"end":{"line":32,"column":55}}]},"5":{"loc":{"start":{"line":32,"column":31},"end":{"line":32,"column":53}},"type":"cond-expr","locations":[{"start":{"line":32,"column":43},"end":{"line":32,"column":45}},{"start":{"line":32,"column":43},"end":{"line":32,"column":53}}]},"6":{"loc":{"start":{"line":32,"column":31},"end":{"line":32,"column":45}},"type":"binary-expr","locations":[{"start":{"line":32,"column":31},"end":{"line":32,"column":45}},{"start":{"line":32,"column":43},"end":{"line":32,"column":45}}]},"7":{"loc":{"start":{"line":32,"column":62},"end":{"line":32,"column":89}},"type":"cond-expr","locations":[{"start":{"line":32,"column":84},"end":{"line":32,"column":86}},{"start":{"line":32,"column":84},"end":{"line":32,"column":89}}]},"8":{"loc":{"start":{"line":32,"column":62},"end":{"line":32,"column":86}},"type":"binary-expr","locations":[{"start":{"line":32,"column":62},"end":{"line":32,"column":86}},{"start":{"line":32,"column":84},"end":{"line":32,"column":86}}]},"9":{"loc":{"start":{"line":32,"column":62},"end":{"line":32,"column":84}},"type":"cond-expr","locations":[{"start":{"line":32,"column":74},"end":{"line":32,"column":76}},{"start":{"line":32,"column":74},"end":{"line":32,"column":84}}]},"10":{"loc":{"start":{"line":32,"column":62},"end":{"line":32,"column":76}},"type":"binary-expr","locations":[{"start":{"line":32,"column":62},"end":{"line":32,"column":76}},{"start":{"line":32,"column":74},"end":{"line":32,"column":76}}]},"11":{"loc":{"start":{"line":38,"column":20},"end":{"line":41,"column":21}},"type":"if","locations":[{"start":{"line":38,"column":20},"end":{"line":41,"column":21}}]},"12":{"loc":{"start":{"line":38,"column":24},"end":{"line":38,"column":65}},"type":"binary-expr","locations":[{"start":{"line":38,"column":24},"end":{"line":38,"column":42}},{"start":{"line":38,"column":46},"end":{"line":38,"column":65}}]},"13":{"loc":{"start":{"line":49,"column":12},"end":{"line":52,"column":13}},"type":"if","locations":[{"start":{"line":49,"column":12},"end":{"line":52,"column":13}}]},"14":{"loc":{"start":{"line":69,"column":16},"end":{"line":69,"column":92}},"type":"if","locations":[{"start":{"line":69,"column":16},"end":{"line":69,"column":92}}]},"15":{"loc":{"start":{"line":69,"column":20},"end":{"line":69,"column":83}},"type":"binary-expr","locations":[{"start":{"line":69,"column":20},"end":{"line":69,"column":39}},{"start":{"line":69,"column":43},"end":{"line":69,"column":83}}]},"16":{"loc":{"start":{"line":72,"column":16},"end":{"line":72,"column":98}},"type":"if","locations":[{"start":{"line":72,"column":16},"end":{"line":72,"column":98}}]},"17":{"loc":{"start":{"line":78,"column":16},"end":{"line":81,"column":17}},"type":"if","locations":[{"start":{"line":78,"column":16},"end":{"line":81,"column":17}}]},"18":{"loc":{"start":{"line":85,"column":29},"end":{"line":85,"column":92}},"type":"cond-expr","locations":[{"start":{"line":85,"column":48},"end":{"line":85,"column":87}},{"start":{"line":85,"column":90},"end":{"line":85,"column":92}}]},"19":{"loc":{"start":{"line":86,"column":44},"end":{"line":86,"column":102}},"type":"cond-expr","locations":[{"start":{"line":86,"column":63},"end":{"line":86,"column":97}},{"start":{"line":86,"column":100},"end":{"line":86,"column":102}}]},"20":{"loc":{"start":{"line":88,"column":12},"end":{"line":91,"column":13}},"type":"if","locations":[{"start":{"line":88,"column":12},"end":{"line":91,"column":13}}]},"21":{"loc":{"start":{"line":105,"column":28},"end":{"line":105,"column":41}},"type":"binary-expr","locations":[{"start":{"line":105,"column":28},"end":{"line":105,"column":36}},{"start":{"line":105,"column":40},"end":{"line":105,"column":41}}]}},"s":{"0":1,"1":1,"2":0,"3":0,"4":0,"5":0,"6":0,"7":0,"8":0,"9":0,"10":0,"11":0,"12":0,"13":0,"14":0,"15":0,"16":0,"17":0,"18":0,"19":0,"20":0,"21":0,"22":0,"23":0,"24":0,"25":0,"26":0,"27":0,"28":0,"29":0,"30":0,"31":0,"32":0,"33":0,"34":0,"35":0,"36":0,"37":0,"38":0,"39":0,"40":0,"41":0,"42":0,"43":0,"44":0,"45":0,"46":0,"47":0,"48":0,"49":0,"50":0,"51":0,"52":0,"53":0,"54":0,"55":0,"56":0,"57":0,"58":0,"59":0,"60":0,"61":0,"62":1},"f":{"0":0,"1":0,"2":0,"3":0,"4":0,"5":0,"6":0,"7":0,"8":0,"9":0,"10":0},"b":{"0":[0],"1":[0],"2":[0,0],"3":[0,0],"4":[0,0],"5":[0,0],"6":[0,0],"7":[0,0],"8":[0,0],"9":[0,0],"10":[0,0],"11":[0],"12":[0,0],"13":[0],"14":[0],"15":[0,0],"16":[0],"17":[0],"18":[0,0],"19":[0,0],"20":[0],"21":[0,0]}}
,"D:\\UBC_Online_courses\\2024_W2\\CPEN_321\\CPEN321-WOCMS\\Backend\\controllers\\userController.ts": {"path":"D:\\UBC_Online_courses\\2024_W2\\CPEN_321\\CPEN321-WOCMS\\Backend\\controllers\\userController.ts","statementMap":{"0":{"start":{"line":2,"column":0},"end":{"line":2,"column":57}},"1":{"start":{"line":10,"column":8},"end":{"line":42,"column":9}},"2":{"start":{"line":11,"column":48},"end":{"line":11,"column":56}},"3":{"start":{"line":12,"column":12},"end":{"line":14,"column":13}},"4":{"start":{"line":13,"column":16},"end":{"line":13,"column":107}},"5":{"start":{"line":16,"column":23},"end":{"line":16,"column":40}},"6":{"start":{"line":17,"column":33},"end":{"line":17,"column":86}},"7":{"start":{"line":20,"column":12},"end":{"line":39,"column":13}},"8":{"start":{"line":21,"column":16},"end":{"line":24,"column":18}},"9":{"start":{"line":25,"column":16},"end":{"line":25,"column":94}},"10":{"start":{"line":27,"column":32},"end":{"line":36,"column":18}},"11":{"start":{"line":37,"column":31},"end":{"line":37,"column":78}},"12":{"start":{"line":38,"column":16},"end":{"line":38,"column":100}},"13":{"start":{"line":41,"column":12},"end":{"line":41,"column":24}},"14":{"start":{"line":49,"column":8},"end":{"line":65,"column":9}},"15":{"start":{"line":50,"column":37},"end":{"line":50,"column":47}},"16":{"start":{"line":51,"column":12},"end":{"line":53,"column":13}},"17":{"start":{"line":52,"column":16},"end":{"line":52,"column":80}},"18":{"start":{"line":55,"column":23},"end":{"line":55,"column":40}},"19":{"start":{"line":56,"column":25},"end":{"line":56,"column":79}},"20":{"start":{"line":58,"column":12},"end":{"line":60,"column":13}},"21":{"start":{"line":59,"column":16},"end":{"line":59,"column":73}},"22":{"start":{"line":62,"column":12},"end":{"line":62,"column":39}},"23":{"start":{"line":64,"column":12},"end":{"line":64,"column":24}},"24":{"start":{"line":72,"column":8},"end":{"line":123,"column":9}},"25":{"start":{"line":73,"column":12},"end":{"line":120,"column":15}},"26":{"start":{"line":73,"column":55},"end":{"line":120,"column":14}},"27":{"start":{"line":74,"column":16},"end":{"line":76,"column":17}},"28":{"start":{"line":75,"column":20},"end":{"line":75,"column":91}},"29":{"start":{"line":78,"column":40},"end":{"line":78,"column":50}},"30":{"start":{"line":79,"column":47},"end":{"line":79,"column":55}},"31":{"start":{"line":81,"column":16},"end":{"line":83,"column":17}},"32":{"start":{"line":82,"column":20},"end":{"line":82,"column":84}},"33":{"start":{"line":85,"column":27},"end":{"line":85,"column":44}},"34":{"start":{"line":88,"column":16},"end":{"line":96,"column":17}},"35":{"start":{"line":89,"column":20},"end":{"line":95,"column":21}},"36":{"start":{"line":90,"column":24},"end":{"line":90,"column":56}},"37":{"start":{"line":91,"column":24},"end":{"line":91,"column":82}},"38":{"start":{"line":92,"column":24},"end":{"line":92,"column":82}},"39":{"start":{"line":94,"column":24},"end":{"line":94,"column":115}},"40":{"start":{"line":99,"column":42},"end":{"line":99,"column":67}},"41":{"start":{"line":100,"column":16},"end":{"line":100,"column":69}},"42":{"start":{"line":100,"column":32},"end":{"line":100,"column":69}},"43":{"start":{"line":102,"column":41},"end":{"line":102,"column":63}},"44":{"start":{"line":103,"column":16},"end":{"line":103,"column":78}},"45":{"start":{"line":103,"column":30},"end":{"line":103,"column":78}},"46":{"start":{"line":106,"column":37},"end":{"line":108,"column":null}},"47":{"start":{"line":111,"column":16},"end":{"line":113,"column":17}},"48":{"start":{"line":112,"column":20},"end":{"line":112,"column":77}},"49":{"start":{"line":115,"column":16},"end":{"line":119,"column":19}},"50":{"start":{"line":122,"column":12},"end":{"line":122,"column":24}},"51":{"start":{"line":130,"column":8},"end":{"line":136,"column":9}},"52":{"start":{"line":131,"column":23},"end":{"line":131,"column":40}},"53":{"start":{"line":132,"column":26},"end":{"line":132,"column":71}},"54":{"start":{"line":133,"column":12},"end":{"line":133,"column":40}},"55":{"start":{"line":135,"column":12},"end":{"line":135,"column":24}},"56":{"start":{"line":143,"column":8},"end":{"line":161,"column":9}},"57":{"start":{"line":144,"column":44},"end":{"line":144,"column":52}},"58":{"start":{"line":145,"column":12},"end":{"line":147,"column":13}},"59":{"start":{"line":146,"column":16},"end":{"line":146,"column":100}},"60":{"start":{"line":149,"column":23},"end":{"line":149,"column":40}},"61":{"start":{"line":150,"column":27},"end":{"line":150,"column":123}},"62":{"start":{"line":152,"column":27},"end":{"line":152,"column":100}},"63":{"start":{"line":154,"column":12},"end":{"line":156,"column":13}},"64":{"start":{"line":155,"column":16},"end":{"line":155,"column":73}},"65":{"start":{"line":158,"column":12},"end":{"line":158,"column":79}},"66":{"start":{"line":160,"column":12},"end":{"line":160,"column":24}},"67":{"start":{"line":168,"column":8},"end":{"line":184,"column":9}},"68":{"start":{"line":169,"column":36},"end":{"line":169,"column":46}},"69":{"start":{"line":170,"column":12},"end":{"line":172,"column":13}},"70":{"start":{"line":171,"column":16},"end":{"line":171,"column":80}},"71":{"start":{"line":174,"column":23},"end":{"line":174,"column":40}},"72":{"start":{"line":175,"column":27},"end":{"line":175,"column":82}},"73":{"start":{"line":177,"column":12},"end":{"line":179,"column":13}},"74":{"start":{"line":178,"column":16},"end":{"line":178,"column":73}},"75":{"start":{"line":181,"column":12},"end":{"line":181,"column":75}},"76":{"start":{"line":183,"column":12},"end":{"line":183,"column":24}},"77":{"start":{"line":191,"column":8},"end":{"line":239,"column":9}},"78":{"start":{"line":192,"column":12},"end":{"line":235,"column":15}},"79":{"start":{"line":192,"column":55},"end":{"line":235,"column":14}},"80":{"start":{"line":193,"column":16},"end":{"line":195,"column":17}},"81":{"start":{"line":194,"column":20},"end":{"line":194,"column":91}},"82":{"start":{"line":197,"column":40},"end":{"line":197,"column":50}},"83":{"start":{"line":198,"column":35},"end":{"line":198,"column":43}},"84":{"start":{"line":200,"column":16},"end":{"line":202,"column":17}},"85":{"start":{"line":201,"column":20},"end":{"line":201,"column":85}},"86":{"start":{"line":204,"column":27},"end":{"line":204,"column":44}},"87":{"start":{"line":207,"column":16},"end":{"line":215,"column":17}},"88":{"start":{"line":208,"column":20},"end":{"line":214,"column":21}},"89":{"start":{"line":209,"column":24},"end":{"line":209,"column":56}},"90":{"start":{"line":210,"column":24},"end":{"line":210,"column":82}},"91":{"start":{"line":211,"column":24},"end":{"line":211,"column":82}},"92":{"start":{"line":213,"column":24},"end":{"line":213,"column":115}},"93":{"start":{"line":218,"column":37},"end":{"line":221,"column":18}},"94":{"start":{"line":223,"column":16},"end":{"line":225,"column":17}},"95":{"start":{"line":224,"column":20},"end":{"line":224,"column":78}},"96":{"start":{"line":227,"column":16},"end":{"line":229,"column":17}},"97":{"start":{"line":228,"column":20},"end":{"line":228,"column":97}},"98":{"start":{"line":231,"column":16},"end":{"line":234,"column":19}},"99":{"start":{"line":237,"column":12},"end":{"line":237,"column":64}},"100":{"start":{"line":238,"column":12},"end":{"line":238,"column":85}},"101":{"start":{"line":243,"column":8},"end":{"line":272,"column":9}},"102":{"start":{"line":244,"column":49},"end":{"line":244,"column":57}},"103":{"start":{"line":245,"column":12},"end":{"line":247,"column":13}},"104":{"start":{"line":246,"column":16},"end":{"line":246,"column":104}},"105":{"start":{"line":249,"column":23},"end":{"line":249,"column":40}},"106":{"start":{"line":252,"column":25},"end":{"line":252,"column":78}},"107":{"start":{"line":253,"column":27},"end":{"line":253,"column":93}},"108":{"start":{"line":255,"column":12},"end":{"line":257,"column":13}},"109":{"start":{"line":256,"column":16},"end":{"line":256,"column":73}},"110":{"start":{"line":259,"column":12},"end":{"line":261,"column":13}},"111":{"start":{"line":260,"column":16},"end":{"line":260,"column":75}},"112":{"start":{"line":264,"column":12},"end":{"line":267,"column":14}},"113":{"start":{"line":269,"column":12},"end":{"line":269,"column":88}},"114":{"start":{"line":271,"column":12},"end":{"line":271,"column":24}},"115":{"start":{"line":276,"column":8},"end":{"line":297,"column":9}},"116":{"start":{"line":277,"column":49},"end":{"line":277,"column":57}},"117":{"start":{"line":278,"column":12},"end":{"line":280,"column":13}},"118":{"start":{"line":279,"column":16},"end":{"line":279,"column":104}},"119":{"start":{"line":282,"column":23},"end":{"line":282,"column":40}},"120":{"start":{"line":285,"column":27},"end":{"line":288,"column":14}},"121":{"start":{"line":290,"column":12},"end":{"line":292,"column":13}},"122":{"start":{"line":291,"column":16},"end":{"line":291,"column":90}},"123":{"start":{"line":294,"column":12},"end":{"line":294,"column":90}},"124":{"start":{"line":296,"column":12},"end":{"line":296,"column":24}},"125":{"start":{"line":301,"column":8},"end":{"line":317,"column":9}},"126":{"start":{"line":302,"column":36},"end":{"line":302,"column":46}},"127":{"start":{"line":303,"column":12},"end":{"line":305,"column":13}},"128":{"start":{"line":304,"column":16},"end":{"line":304,"column":81}},"129":{"start":{"line":307,"column":23},"end":{"line":307,"column":40}},"130":{"start":{"line":308,"column":25},"end":{"line":308,"column":110}},"131":{"start":{"line":310,"column":12},"end":{"line":312,"column":13}},"132":{"start":{"line":311,"column":16},"end":{"line":311,"column":73}},"133":{"start":{"line":314,"column":12},"end":{"line":314,"column":66}},"134":{"start":{"line":316,"column":12},"end":{"line":316,"column":24}},"135":{"start":{"line":5,"column":0},"end":{"line":5,"column":13}}},"fnMap":{"0":{"name":"(anonymous_7)","decl":{"start":{"line":9,"column":10},"end":{"line":9,"column":18}},"loc":{"start":{"line":9,"column":66},"end":{"line":43,"column":null}}},"1":{"name":"(anonymous_9)","decl":{"start":{"line":48,"column":10},"end":{"line":48,"column":24}},"loc":{"start":{"line":48,"column":72},"end":{"line":66,"column":null}}},"2":{"name":"(anonymous_11)","decl":{"start":{"line":71,"column":10},"end":{"line":71,"column":23}},"loc":{"start":{"line":71,"column":71},"end":{"line":124,"column":null}}},"3":{"name":"(anonymous_13)","decl":{"start":{"line":73,"column":41},"end":{"line":73,"column":48}},"loc":{"start":{"line":73,"column":55},"end":{"line":120,"column":14}}},"4":{"name":"(anonymous_14)","decl":{"start":{"line":73,"column":55},"end":{"line":73,"column":null}},"loc":{"start":{"line":73,"column":55},"end":{"line":120,"column":13}}},"5":{"name":"(anonymous_15)","decl":{"start":{"line":129,"column":10},"end":{"line":129,"column":21}},"loc":{"start":{"line":129,"column":69},"end":{"line":137,"column":null}}},"6":{"name":"(anonymous_17)","decl":{"start":{"line":142,"column":11},"end":{"line":142,"column":26}},"loc":{"start":{"line":142,"column":74},"end":{"line":162,"column":null}}},"7":{"name":"(anonymous_19)","decl":{"start":{"line":167,"column":10},"end":{"line":167,"column":20}},"loc":{"start":{"line":167,"column":68},"end":{"line":185,"column":null}}},"8":{"name":"(anonymous_21)","decl":{"start":{"line":190,"column":10},"end":{"line":190,"column":24}},"loc":{"start":{"line":190,"column":72},"end":{"line":240,"column":null}}},"9":{"name":"(anonymous_23)","decl":{"start":{"line":192,"column":41},"end":{"line":192,"column":48}},"loc":{"start":{"line":192,"column":55},"end":{"line":235,"column":14}}},"10":{"name":"(anonymous_24)","decl":{"start":{"line":192,"column":55},"end":{"line":192,"column":null}},"loc":{"start":{"line":192,"column":55},"end":{"line":235,"column":13}}},"11":{"name":"(anonymous_25)","decl":{"start":{"line":242,"column":10},"end":{"line":242,"column":19}},"loc":{"start":{"line":242,"column":67},"end":{"line":273,"column":null}}},"12":{"name":"(anonymous_27)","decl":{"start":{"line":275,"column":10},"end":{"line":275,"column":22}},"loc":{"start":{"line":275,"column":70},"end":{"line":298,"column":null}}},"13":{"name":"(anonymous_29)","decl":{"start":{"line":300,"column":10},"end":{"line":300,"column":20}},"loc":{"start":{"line":300,"column":68},"end":{"line":318,"column":null}}}},"branchMap":{"0":{"loc":{"start":{"line":12,"column":12},"end":{"line":14,"column":13}},"type":"if","locations":[{"start":{"line":12,"column":12},"end":{"line":14,"column":13}}]},"1":{"loc":{"start":{"line":12,"column":16},"end":{"line":12,"column":43}},"type":"binary-expr","locations":[{"start":{"line":12,"column":16},"end":{"line":12,"column":28}},{"start":{"line":12,"column":32},"end":{"line":12,"column":43}}]},"2":{"loc":{"start":{"line":20,"column":12},"end":{"line":39,"column":13}},"type":"if","locations":[{"start":{"line":20,"column":12},"end":{"line":39,"column":13}},{"start":{"line":26,"column":19},"end":{"line":39,"column":13}}]},"3":{"loc":{"start":{"line":51,"column":12},"end":{"line":53,"column":13}},"type":"if","locations":[{"start":{"line":51,"column":12},"end":{"line":53,"column":13}}]},"4":{"loc":{"start":{"line":58,"column":12},"end":{"line":60,"column":13}},"type":"if","locations":[{"start":{"line":58,"column":12},"end":{"line":60,"column":13}}]},"5":{"loc":{"start":{"line":74,"column":16},"end":{"line":76,"column":17}},"type":"if","locations":[{"start":{"line":74,"column":16},"end":{"line":76,"column":17}}]},"6":{"loc":{"start":{"line":81,"column":16},"end":{"line":83,"column":17}},"type":"if","locations":[{"start":{"line":81,"column":16},"end":{"line":83,"column":17}}]},"7":{"loc":{"start":{"line":88,"column":16},"end":{"line":96,"column":17}},"type":"if","locations":[{"start":{"line":88,"column":16},"end":{"line":96,"column":17}}]},"8":{"loc":{"start":{"line":100,"column":16},"end":{"line":100,"column":69}},"type":"if","locations":[{"start":{"line":100,"column":16},"end":{"line":100,"column":69}}]},"9":{"loc":{"start":{"line":103,"column":16},"end":{"line":103,"column":78}},"type":"if","locations":[{"start":{"line":103,"column":16},"end":{"line":103,"column":78}}]},"10":{"loc":{"start":{"line":111,"column":16},"end":{"line":113,"column":17}},"type":"if","locations":[{"start":{"line":111,"column":16},"end":{"line":113,"column":17}}]},"11":{"loc":{"start":{"line":118,"column":35},"end":{"line":118,"column":51}},"type":"binary-expr","locations":[{"start":{"line":118,"column":35},"end":{"line":118,"column":43}},{"start":{"line":118,"column":47},"end":{"line":118,"column":51}}]},"12":{"loc":{"start":{"line":145,"column":12},"end":{"line":147,"column":13}},"type":"if","locations":[{"start":{"line":145,"column":12},"end":{"line":147,"column":13}}]},"13":{"loc":{"start":{"line":145,"column":16},"end":{"line":145,"column":39}},"type":"binary-expr","locations":[{"start":{"line":145,"column":16},"end":{"line":145,"column":28}},{"start":{"line":145,"column":32},"end":{"line":145,"column":39}}]},"14":{"loc":{"start":{"line":150,"column":27},"end":{"line":150,"column":123}},"type":"cond-expr","locations":[{"start":{"line":150,"column":46},"end":{"line":150,"column":93}},{"start":{"line":150,"column":96},"end":{"line":150,"column":123}}]},"15":{"loc":{"start":{"line":154,"column":12},"end":{"line":156,"column":13}},"type":"if","locations":[{"start":{"line":154,"column":12},"end":{"line":156,"column":13}}]},"16":{"loc":{"start":{"line":170,"column":12},"end":{"line":172,"column":13}},"type":"if","locations":[{"start":{"line":170,"column":12},"end":{"line":172,"column":13}}]},"17":{"loc":{"start":{"line":177,"column":12},"end":{"line":179,"column":13}},"type":"if","locations":[{"start":{"line":177,"column":12},"end":{"line":179,"column":13}}]},"18":{"loc":{"start":{"line":193,"column":16},"end":{"line":195,"column":17}},"type":"if","locations":[{"start":{"line":193,"column":16},"end":{"line":195,"column":17}}]},"19":{"loc":{"start":{"line":200,"column":16},"end":{"line":202,"column":17}},"type":"if","locations":[{"start":{"line":200,"column":16},"end":{"line":202,"column":17}}]},"20":{"loc":{"start":{"line":207,"column":16},"end":{"line":215,"column":17}},"type":"if","locations":[{"start":{"line":207,"column":16},"end":{"line":215,"column":17}}]},"21":{"loc":{"start":{"line":223,"column":16},"end":{"line":225,"column":17}},"type":"if","locations":[{"start":{"line":223,"column":16},"end":{"line":225,"column":17}}]},"22":{"loc":{"start":{"line":227,"column":16},"end":{"line":229,"column":17}},"type":"if","locations":[{"start":{"line":227,"column":16},"end":{"line":229,"column":17}}]},"23":{"loc":{"start":{"line":245,"column":12},"end":{"line":247,"column":13}},"type":"if","locations":[{"start":{"line":245,"column":12},"end":{"line":247,"column":13}}]},"24":{"loc":{"start":{"line":245,"column":16},"end":{"line":245,"column":44}},"type":"binary-expr","locations":[{"start":{"line":245,"column":16},"end":{"line":245,"column":28}},{"start":{"line":245,"column":32},"end":{"line":245,"column":44}}]},"25":{"loc":{"start":{"line":255,"column":12},"end":{"line":257,"column":13}},"type":"if","locations":[{"start":{"line":255,"column":12},"end":{"line":257,"column":13}}]},"26":{"loc":{"start":{"line":259,"column":12},"end":{"line":261,"column":13}},"type":"if","locations":[{"start":{"line":259,"column":12},"end":{"line":261,"column":13}}]},"27":{"loc":{"start":{"line":278,"column":12},"end":{"line":280,"column":13}},"type":"if","locations":[{"start":{"line":278,"column":12},"end":{"line":280,"column":13}}]},"28":{"loc":{"start":{"line":278,"column":16},"end":{"line":278,"column":44}},"type":"binary-expr","locations":[{"start":{"line":278,"column":16},"end":{"line":278,"column":28}},{"start":{"line":278,"column":32},"end":{"line":278,"column":44}}]},"29":{"loc":{"start":{"line":290,"column":12},"end":{"line":292,"column":13}},"type":"if","locations":[{"start":{"line":290,"column":12},"end":{"line":292,"column":13}}]},"30":{"loc":{"start":{"line":303,"column":12},"end":{"line":305,"column":13}},"type":"if","locations":[{"start":{"line":303,"column":12},"end":{"line":305,"column":13}}]},"31":{"loc":{"start":{"line":310,"column":12},"end":{"line":312,"column":13}},"type":"if","locations":[{"start":{"line":310,"column":12},"end":{"line":312,"column":13}}]},"32":{"loc":{"start":{"line":314,"column":44},"end":{"line":314,"column":62}},"type":"binary-expr","locations":[{"start":{"line":314,"column":44},"end":{"line":314,"column":56}},{"start":{"line":314,"column":60},"end":{"line":314,"column":62}}]}},"s":{"0":1,"1":0,"2":0,"3":0,"4":0,"5":0,"6":0,"7":0,"8":0,"9":0,"10":0,"11":0,"12":0,"13":0,"14":0,"15":0,"16":0,"17":0,"18":0,"19":0,"20":0,"21":0,"22":0,"23":0,"24":0,"25":0,"26":0,"27":0,"28":0,"29":0,"30":0,"31":0,"32":0,"33":0,"34":0,"35":0,"36":0,"37":0,"38":0,"39":0,"40":0,"41":0,"42":0,"43":0,"44":0,"45":0,"46":0,"47":0,"48":0,"49":0,"50":0,"51":0,"52":0,"53":0,"54":0,"55":0,"56":0,"57":0,"58":0,"59":0,"60":0,"61":0,"62":0,"63":0,"64":0,"65":0,"66":0,"67":0,"68":0,"69":0,"70":0,"71":0,"72":0,"73":0,"74":0,"75":0,"76":0,"77":0,"78":0,"79":0,"80":0,"81":0,"82":0,"83":0,"84":0,"85":0,"86":0,"87":0,"88":0,"89":0,"90":0,"91":0,"92":0,"93":0,"94":0,"95":0,"96":0,"97":0,"98":0,"99":0,"100":0,"101":0,"102":0,"103":0,"104":0,"105":0,"106":0,"107":0,"108":0,"109":0,"110":0,"111":0,"112":0,"113":0,"114":0,"115":0,"116":0,"117":0,"118":0,"119":0,"120":0,"121":0,"122":0,"123":0,"124":0,"125":0,"126":0,"127":0,"128":0,"129":0,"130":0,"131":0,"132":0,"133":0,"134":0,"135":1},"f":{"0":0,"1":0,"2":0,"3":0,"4":0,"5":0,"6":0,"7":0,"8":0,"9":0,"10":0,"11":0,"12":0,"13":0},"b":{"0":[0],"1":[0,0],"2":[0,0],"3":[0],"4":[0],"5":[0],"6":[0],"7":[0],"8":[0],"9":[0],"10":[0],"11":[0,0],"12":[0],"13":[0,0],"14":[0,0],"15":[0],"16":[0],"17":[0],"18":[0],"19":[0],"20":[0],"21":[0],"22":[0],"23":[0],"24":[0,0],"25":[0],"26":[0],"27":[0],"28":[0,0],"29":[0],"30":[0],"31":[0],"32":[0,0]}}
,"D:\\UBC_Online_courses\\2024_W2\\CPEN_321\\CPEN321-WOCMS\\Backend\\routes\\imageRoutes.ts": {"path":"D:\\UBC_Online_courses\\2024_W2\\CPEN_321\\CPEN321-WOCMS\\Backend\\routes\\imageRoutes.ts","statementMap":{"0":{"start":{"line":1,"column":0},"end":{"line":1,"column":47}},"1":{"start":{"line":2,"column":0},"end":{"line":2,"column":64}},"2":{"start":{"line":5,"column":19},"end":{"line":5,"column":40}},"3":{"start":{"line":7,"column":13},"end":{"line":68,"column":null}}},"fnMap":{},"branchMap":{},"s":{"0":1,"1":1,"2":1,"3":1},"f":{},"b":{}}
,"D:\\UBC_Online_courses\\2024_W2\\CPEN_321\\CPEN321-WOCMS\\Backend\\routes\\mapRoutes.ts": {"path":"D:\\UBC_Online_courses\\2024_W2\\CPEN_321\\CPEN321-WOCMS\\Backend\\routes\\mapRoutes.ts","statementMap":{"0":{"start":{"line":2,"column":0},"end":{"line":2,"column":60}},"1":{"start":{"line":4,"column":19},"end":{"line":4,"column":38}},"2":{"start":{"line":6,"column":13},"end":{"line":13,"column":null}}},"fnMap":{},"branchMap":{},"s":{"0":1,"1":1,"2":1},"f":{},"b":{}}
,"D:\\UBC_Online_courses\\2024_W2\\CPEN_321\\CPEN321-WOCMS\\Backend\\routes\\userRoutes.ts": {"path":"D:\\UBC_Online_courses\\2024_W2\\CPEN_321\\CPEN321-WOCMS\\Backend\\routes\\userRoutes.ts","statementMap":{"0":{"start":{"line":1,"column":0},"end":{"line":1,"column":47}},"1":{"start":{"line":2,"column":0},"end":{"line":2,"column":62}},"2":{"start":{"line":4,"column":19},"end":{"line":4,"column":39}},"3":{"start":{"line":6,"column":13},"end":{"line":83,"column":null}}},"fnMap":{},"branchMap":{},"s":{"0":1,"1":1,"2":1,"3":1},"f":{},"b":{}}
}
