TN:
SF:controllers\imageController.ts
FN:13,(anonymous_8)
FN:15,(anonymous_10)
FN:15,(anonymous_11)
FN:117,(anonymous_12)
FN:167,(anonymous_14)
FN:186,(anonymous_16)
FN:186,(anonymous_17)
FN:213,(anonymous_18)
FN:240,(anonymous_20)
FN:247,(anonymous_22)
FN:247,(anonymous_23)
FN:271,(anonymous_24)
FN:303,(anonymous_26)
FN:339,(anonymous_28)
FN:384,(anonymous_30)
FN:406,(anonymous_31)
FN:425,(anonymous_33)
FN:425,(anonymous_34)
FN:449,(anonymous_35)
FN:513,processImage
FN:529,analyzeImageLabels
FN:540,(anonymous_41)
FN:549,analyzeImageModeration
FN:557,(anonymous_44)
FNF:24
FNH:0
FNDA:0,(anonymous_8)
FNDA:0,(anonymous_10)
FNDA:0,(anonymous_11)
FNDA:0,(anonymous_12)
FNDA:0,(anonymous_14)
FNDA:0,(anonymous_16)
FNDA:0,(anonymous_17)
FNDA:0,(anonymous_18)
FNDA:0,(anonymous_20)
FNDA:0,(anonymous_22)
FNDA:0,(anonymous_23)
FNDA:0,(anonymous_24)
FNDA:0,(anonymous_26)
FNDA:0,(anonymous_28)
FNDA:0,(anonymous_30)
FNDA:0,(anonymous_31)
FNDA:0,(anonymous_33)
FNDA:0,(anonymous_34)
FNDA:0,(anonymous_35)
FNDA:0,processImage
FNDA:0,analyzeImageLabels
FNDA:0,(anonymous_41)
FNDA:0,analyzeImageModeration
FNDA:0,(anonymous_44)
DA:2,1
DA:3,1
DA:4,1
DA:6,1
DA:7,1
DA:9,1
DA:11,1
DA:14,0
DA:15,0
DA:16,0
DA:17,0
DA:20,0
DA:21,0
DA:25,0
DA:26,0
DA:29,0
DA:32,0
DA:35,0
DA:36,0
DA:37,0
DA:38,0
DA:40,0
DA:41,0
DA:43,0
DA:48,0
DA:58,0
DA:61,0
DA:62,0
DA:65,0
DA:75,0
DA:76,0
DA:91,0
DA:92,0
DA:93,0
DA:99,0
DA:109,0
DA:118,0
DA:119,0
DA:120,0
DA:121,0
DA:124,0
DA:125,0
DA:127,0
DA:128,0
DA:132,0
DA:145,0
DA:154,0
DA:160,0
DA:168,0
DA:169,0
DA:170,0
DA:171,0
DA:174,0
DA:177,0
DA:185,0
DA:186,0
DA:187,0
DA:196,0
DA:204,0
DA:206,0
DA:214,0
DA:215,0
DA:216,0
DA:217,0
DA:220,0
DA:223,0
DA:224,0
DA:227,0
DA:228,0
DA:230,0
DA:231,0
DA:234,0
DA:236,0
DA:241,0
DA:242,0
DA:243,0
DA:246,0
DA:247,0
DA:248,0
DA:257,0
DA:265,0
DA:267,0
DA:272,0
DA:273,0
DA:275,0
DA:276,0
DA:279,0
DA:282,0
DA:283,0
DA:284,0
DA:288,0
DA:293,0
DA:294,0
DA:297,0
DA:299,0
DA:304,0
DA:305,0
DA:306,0
DA:307,0
DA:310,0
DA:313,0
DA:315,0
DA:316,0
DA:320,0
DA:321,0
DA:322,0
DA:326,0
DA:328,0
DA:332,0
DA:340,0
DA:341,0
DA:342,0
DA:343,0
DA:346,0
DA:349,0
DA:350,0
DA:351,0
DA:355,0
DA:356,0
DA:360,0
DA:361,0
DA:365,0
DA:373,0
DA:374,0
DA:378,0
DA:379,0
DA:381,0
DA:382,0
DA:383,0
DA:384,0
DA:387,0
DA:388,0
DA:392,0
DA:396,0
DA:402,0
DA:407,0
DA:408,0
DA:409,0
DA:410,0
DA:413,0
DA:416,0
DA:424,0
DA:425,0
DA:426,0
DA:435,0
DA:443,0
DA:445,0
DA:450,0
DA:451,0
DA:452,0
DA:453,0
DA:456,0
DA:459,0
DA:460,0
DA:461,0
DA:465,0
DA:466,0
DA:470,0
DA:473,0
DA:478,0
DA:479,0
DA:483,0
DA:484,0
DA:485,0
DA:490,0
DA:491,0
DA:498,0
DA:500,0
DA:506,1
DA:514,0
DA:515,0
DA:518,0
DA:522,0
DA:530,0
DA:531,0
DA:537,0
DA:538,0
DA:540,0
DA:542,0
DA:544,0
DA:545,0
DA:550,0
DA:551,0
DA:556,0
DA:557,0
DA:559,0
DA:561,0
DA:562,0
LF:188
LH:8
BRDA:16,0,0,0
BRDA:20,1,0,0
BRDA:25,2,0,0
BRDA:25,2,1,0
BRDA:36,3,0,0
BRDA:79,4,0,0
BRDA:79,4,1,0
BRDA:92,5,0,0
BRDA:120,6,0,0
BRDA:127,7,0,0
BRDA:132,8,0,0
BRDA:132,8,1,0
BRDA:170,9,0,0
BRDA:216,10,0,0
BRDA:230,11,0,0
BRDA:275,12,0,0
BRDA:275,13,0,0
BRDA:275,13,1,0
BRDA:283,14,0,0
BRDA:293,15,0,0
BRDA:306,16,0,0
BRDA:315,17,0,0
BRDA:342,18,0,0
BRDA:342,19,0,0
BRDA:342,19,1,0
BRDA:342,19,2,0
BRDA:350,20,0,0
BRDA:355,21,0,0
BRDA:360,22,0,0
BRDA:360,23,0,0
BRDA:360,23,1,0
BRDA:373,24,0,0
BRDA:382,25,0,0
BRDA:383,26,0,0
BRDA:383,26,1,0
BRDA:383,27,0,0
BRDA:383,27,1,0
BRDA:383,28,0,0
BRDA:383,28,1,0
BRDA:383,29,0,0
BRDA:383,29,1,0
BRDA:384,30,0,0
BRDA:384,30,1,0
BRDA:387,31,0,0
BRDA:409,32,0,0
BRDA:452,33,0,0
BRDA:452,34,0,0
BRDA:452,34,1,0
BRDA:460,35,0,0
BRDA:465,36,0,0
BRDA:470,37,0,0
BRDA:470,37,1,0
BRDA:478,38,0,0
BRDA:490,39,0,0
BRDA:514,40,0,0
BRDA:514,40,1,0
BRDA:514,41,0,0
BRDA:514,41,1,0
BRDA:514,42,0,0
BRDA:514,42,1,0
BRDA:515,43,0,0
BRDA:515,43,1,0
BRDA:519,44,0,0
BRDA:519,44,1,0
BRDA:524,45,0,0
BRDA:524,45,1,0
BRDA:525,46,0,0
BRDA:525,46,1,0
BRDA:540,47,0,0
BRDA:540,47,1,0
BRDA:540,48,0,0
BRDA:540,48,1,0
BRDA:540,49,0,0
BRDA:540,49,1,0
BRDA:557,50,0,0
BRDA:557,50,1,0
BRDA:557,51,0,0
BRDA:557,51,1,0
BRDA:557,52,0,0
BRDA:557,52,1,0
BRF:80
BRH:0
end_of_record
TN:
SF:controllers\mapController.ts
FN:10,(anonymous_16)
FN:32,(anonymous_18)
FN:33,(anonymous_19)
FN:45,(anonymous_20)
FN:54,(anonymous_21)
FN:68,(anonymous_22)
FN:95,(anonymous_23)
FN:101,(anonymous_24)
FN:104,(anonymous_25)
FN:110,(anonymous_26)
FN:112,(anonymous_27)
FNF:11
FNH:0
FNDA:0,(anonymous_16)
FNDA:0,(anonymous_18)
FNDA:0,(anonymous_19)
FNDA:0,(anonymous_20)
FNDA:0,(anonymous_21)
FNDA:0,(anonymous_22)
FNDA:0,(anonymous_23)
FNDA:0,(anonymous_24)
FNDA:0,(anonymous_25)
FNDA:0,(anonymous_26)
FNDA:0,(anonymous_27)
DA:2,1
DA:3,1
DA:6,1
DA:11,0
DA:12,0
DA:13,0
DA:14,0
DA:17,0
DA:20,0
DA:25,0
DA:26,0
DA:27,0
DA:31,0
DA:32,0
DA:34,0
DA:35,0
DA:38,0
DA:40,0
DA:43,0
DA:45,0
DA:49,0
DA:50,0
DA:51,0
DA:54,0
DA:57,0
DA:58,0
DA:60,0
DA:63,0
DA:64,0
DA:65,0
DA:67,0
DA:68,0
DA:69,0
DA:71,0
DA:72,0
DA:74,0
DA:75,0
DA:77,0
DA:78,0
DA:79,0
DA:80,0
DA:85,0
DA:86,0
DA:88,0
DA:89,0
DA:90,0
DA:94,0
DA:96,0
DA:97,0
DA:98,0
DA:101,0
DA:104,0
DA:105,0
DA:106,0
DA:109,0
DA:110,0
DA:112,0
DA:115,0
DA:122,0
DA:123,0
LF:60
LH:3
BRDA:13,0,0,0
BRDA:25,1,0,0
BRDA:32,2,0,0
BRDA:32,2,1,0
BRDA:32,3,0,0
BRDA:32,3,1,0
BRDA:32,4,0,0
BRDA:32,4,1,0
BRDA:32,5,0,0
BRDA:32,5,1,0
BRDA:32,6,0,0
BRDA:32,6,1,0
BRDA:32,7,0,0
BRDA:32,7,1,0
BRDA:32,8,0,0
BRDA:32,8,1,0
BRDA:32,9,0,0
BRDA:32,9,1,0
BRDA:32,10,0,0
BRDA:32,10,1,0
BRDA:38,11,0,0
BRDA:38,12,0,0
BRDA:38,12,1,0
BRDA:49,13,0,0
BRDA:69,14,0,0
BRDA:69,15,0,0
BRDA:69,15,1,0
BRDA:72,16,0,0
BRDA:78,17,0,0
BRDA:85,18,0,0
BRDA:85,18,1,0
BRDA:86,19,0,0
BRDA:86,19,1,0
BRDA:88,20,0,0
BRDA:105,21,0,0
BRDA:105,21,1,0
BRF:36
BRH:0
end_of_record
TN:
SF:controllers\userController.ts
FN:9,(anonymous_7)
FN:48,(anonymous_9)
FN:71,(anonymous_11)
FN:73,(anonymous_13)
FN:73,(anonymous_14)
FN:129,(anonymous_15)
FN:142,(anonymous_17)
FN:167,(anonymous_19)
FN:190,(anonymous_21)
FN:192,(anonymous_23)
FN:192,(anonymous_24)
FN:242,(anonymous_25)
FN:275,(anonymous_27)
FN:300,(anonymous_29)
FNF:14
FNH:0
FNDA:0,(anonymous_7)
FNDA:0,(anonymous_9)
FNDA:0,(anonymous_11)
FNDA:0,(anonymous_13)
FNDA:0,(anonymous_14)
FNDA:0,(anonymous_15)
FNDA:0,(anonymous_17)
FNDA:0,(anonymous_19)
FNDA:0,(anonymous_21)
FNDA:0,(anonymous_23)
FNDA:0,(anonymous_24)
FNDA:0,(anonymous_25)
FNDA:0,(anonymous_27)
FNDA:0,(anonymous_29)
DA:2,1
DA:5,1
DA:10,0
DA:11,0
DA:12,0
DA:13,0
DA:16,0
DA:17,0
DA:20,0
DA:21,0
DA:25,0
DA:27,0
DA:37,0
DA:38,0
DA:41,0
DA:49,0
DA:50,0
DA:51,0
DA:52,0
DA:55,0
DA:56,0
DA:58,0
DA:59,0
DA:62,0
DA:64,0
DA:72,0
DA:73,0
DA:74,0
DA:75,0
DA:78,0
DA:79,0
DA:81,0
DA:82,0
DA:85,0
DA:88,0
DA:89,0
DA:90,0
DA:91,0
DA:92,0
DA:94,0
DA:99,0
DA:100,0
DA:102,0
DA:103,0
DA:106,0
DA:111,0
DA:112,0
DA:115,0
DA:122,0
DA:130,0
DA:131,0
DA:132,0
DA:133,0
DA:135,0
DA:143,0
DA:144,0
DA:145,0
DA:146,0
DA:149,0
DA:150,0
DA:152,0
DA:154,0
DA:155,0
DA:158,0
DA:160,0
DA:168,0
DA:169,0
DA:170,0
DA:171,0
DA:174,0
DA:175,0
DA:177,0
DA:178,0
DA:181,0
DA:183,0
DA:191,0
DA:192,0
DA:193,0
DA:194,0
DA:197,0
DA:198,0
DA:200,0
DA:201,0
DA:204,0
DA:207,0
DA:208,0
DA:209,0
DA:210,0
DA:211,0
DA:213,0
DA:218,0
DA:223,0
DA:224,0
DA:227,0
DA:228,0
DA:231,0
DA:237,0
DA:238,0
DA:243,0
DA:244,0
DA:245,0
DA:246,0
DA:249,0
DA:252,0
DA:253,0
DA:255,0
DA:256,0
DA:259,0
DA:260,0
DA:264,0
DA:269,0
DA:271,0
DA:276,0
DA:277,0
DA:278,0
DA:279,0
DA:282,0
DA:285,0
DA:290,0
DA:291,0
DA:294,0
DA:296,0
DA:301,0
DA:302,0
DA:303,0
DA:304,0
DA:307,0
DA:308,0
DA:310,0
DA:311,0
DA:314,0
DA:316,0
LF:132
LH:2
BRDA:12,0,0,0
BRDA:12,1,0,0
BRDA:12,1,1,0
BRDA:20,2,0,0
BRDA:20,2,1,0
BRDA:51,3,0,0
BRDA:58,4,0,0
BRDA:74,5,0,0
BRDA:81,6,0,0
BRDA:88,7,0,0
BRDA:100,8,0,0
BRDA:103,9,0,0
BRDA:111,10,0,0
BRDA:118,11,0,0
BRDA:118,11,1,0
BRDA:145,12,0,0
BRDA:145,13,0,0
BRDA:145,13,1,0
BRDA:150,14,0,0
BRDA:150,14,1,0
BRDA:154,15,0,0
BRDA:170,16,0,0
BRDA:177,17,0,0
BRDA:193,18,0,0
BRDA:200,19,0,0
BRDA:207,20,0,0
BRDA:223,21,0,0
BRDA:227,22,0,0
BRDA:245,23,0,0
BRDA:245,24,0,0
BRDA:245,24,1,0
BRDA:255,25,0,0
BRDA:259,26,0,0
BRDA:278,27,0,0
BRDA:278,28,0,0
BRDA:278,28,1,0
BRDA:290,29,0,0
BRDA:303,30,0,0
BRDA:310,31,0,0
BRDA:314,32,0,0
BRDA:314,32,1,0
BRF:41
BRH:0
end_of_record
TN:
SF:routes\imageRoutes.ts
FNF:0
FNH:0
DA:1,1
DA:2,1
DA:5,1
DA:7,1
LF:4
LH:4
BRF:0
BRH:0
end_of_record
TN:
SF:routes\mapRoutes.ts
FNF:0
FNH:0
DA:2,1
DA:4,1
DA:6,1
LF:3
LH:3
BRF:0
BRH:0
end_of_record
TN:
SF:routes\userRoutes.ts
FNF:0
FNH:0
DA:1,1
DA:2,1
DA:4,1
DA:6,1
LF:4
LH:4
BRF:0
BRH:0
end_of_record
